[01m[K/home/vincent-pc/ros2_jazzy/src/my_robot_cpp/src/my_robot_master.cpp:19:36:[m[K [01;31m[Kerror: [m[Kâ€˜[01m[Kstd_msgs[m[Kâ€™ does not name a type
   19 |     void subscriber_callback(const [01;31m[Kstd_msgs[m[K::msg::String::SharedPtr msg)
      |                                    [01;31m[K^~~~~~~~[m[K
[01m[K/home/vincent-pc/ros2_jazzy/src/my_robot_cpp/src/my_robot_master.cpp:19:49:[m[K [01;31m[Kerror: [m[Kexpected unqualified-id before â€˜[01m[K::[m[Kâ€™ token
   19 |     void subscriber_callback(const std_msgs::msg[01;31m[K::[m[KString::SharedPtr msg)
      |                                                 [01;31m[K^~[m[K
[01m[K/home/vincent-pc/ros2_jazzy/src/my_robot_cpp/src/my_robot_master.cpp:19:49:[m[K [01;31m[Kerror: [m[Kexpected â€˜[01m[K)[m[Kâ€™ before â€˜[01m[K::[m[Kâ€™ token
   19 |     void subscriber_callback[34m[K([m[Kconst std_msgs::msg[01;31m[K:[m[K[32m[K:[m[KString::SharedPtr msg)
      |                             [34m[K~[m[K                   [01;31m[K^[m[K[32m[K~[m[K
      |                                                 [32m[K)[m[K
[01m[K/home/vincent-pc/ros2_jazzy/src/my_robot_cpp/src/my_robot_master.cpp:19:46:[m[K [01;31m[Kerror: [m[Kexpected â€˜[01m[K;[m[Kâ€™ at end of member declaration
   19 |     void subscriber_callback(const std_msgs::[01;31m[Kmsg[m[K::String::SharedPtr msg)
      |                                              [01;31m[K^~~[m[K
      |                                                 [32m[K;[m[K
[01m[K/home/vincent-pc/ros2_jazzy/src/my_robot_cpp/src/my_robot_master.cpp:19:51:[m[K [01;31m[Kerror: [m[Kâ€˜[01m[KString[m[Kâ€™ in namespace â€˜[01m[K::[m[Kâ€™ does not name a type
   19 |     void subscriber_callback(const std_msgs::msg::[01;31m[KString[m[K::SharedPtr msg)
      |                                                   [01;31m[K^~~~~~[m[K
[01m[K/home/vincent-pc/ros2_jazzy/src/my_robot_cpp/src/my_robot_master.cpp:29:26:[m[K [01;31m[Kerror: [m[Kâ€˜[01m[Kstd_msgs[m[Kâ€™ was not declared in this scope
   29 |     rclcpp::Subscription<[01;31m[Kstd_msgs[m[K::msg::String>::SharedPtr subscriber1;
      |                          [01;31m[K^~~~~~~~[m[K
[01m[K/home/vincent-pc/ros2_jazzy/src/my_robot_cpp/src/my_robot_master.cpp:29:47:[m[K [01;31m[Kerror: [m[Ktemplate argument 1 is invalid
   29 |     rclcpp::Subscription<std_msgs::msg::String[01;31m[K>[m[K::SharedPtr subscriber1;
      |                                               [01;31m[K^[m[K
[01m[K/home/vincent-pc/ros2_jazzy/src/my_robot_cpp/src/my_robot_master.cpp:29:47:[m[K [01;31m[Kerror: [m[Ktemplate argument 3 is invalid
[01m[K/home/vincent-pc/ros2_jazzy/src/my_robot_cpp/src/my_robot_master.cpp:29:47:[m[K [01;31m[Kerror: [m[Ktemplate argument 4 is invalid
[01m[K/home/vincent-pc/ros2_jazzy/src/my_robot_cpp/src/my_robot_master.cpp:29:47:[m[K [01;31m[Kerror: [m[Ktemplate argument 5 is invalid
[01m[K/home/vincent-pc/ros2_jazzy/src/my_robot_cpp/src/my_robot_master.cpp:29:50:[m[K [01;31m[Kerror: [m[Kexpected â€˜[01m[K;[m[Kâ€™ at end of member declaration
   29 |     rclcpp::Subscription<std_msgs::msg::String>::[01;31m[KSharedPtr[m[K subscriber1;
      |                                                  [01;31m[K^~~~~~~~~[m[K
      |                                                           [32m[K;[m[K
[01m[K/home/vincent-pc/ros2_jazzy/src/my_robot_cpp/src/my_robot_master.cpp:29:60:[m[K [01;31m[Kerror: [m[Kâ€˜[01m[Ksubscriber1[m[Kâ€™ does not name a type
   29 |     rclcpp::Subscription<std_msgs::msg::String>::SharedPtr [01;31m[Ksubscriber1[m[K;
      |                                                            [01;31m[K^~~~~~~~~~~[m[K
[01m[K/home/vincent-pc/ros2_jazzy/src/my_robot_cpp/src/my_robot_master.cpp:[m[K In constructor â€˜[01m[KMyRobotNode::[01;32m[KMyRobotNode[m[K()[m[Kâ€™:
[01m[K/home/vincent-pc/ros2_jazzy/src/my_robot_cpp/src/my_robot_master.cpp:12:9:[m[K [01;31m[Kerror: [m[Kâ€˜[01m[Ksubscriber1[m[Kâ€™ was not declared in this scope
   12 |         [01;31m[Ksubscriber1[m[K = this->create_subscription<std_msgs::msg::String>(
      |         [01;31m[K^~~~~~~~~~~[m[K
[01m[K/home/vincent-pc/ros2_jazzy/src/my_robot_cpp/src/my_robot_master.cpp:12:49:[m[K [01;31m[Kerror: [m[Kâ€˜[01m[Kstd_msgs[m[Kâ€™ was not declared in this scope
   12 |         subscriber1 = this->create_subscription<[01;31m[Kstd_msgs[m[K::msg::String>(
      |                                                 [01;31m[K^~~~~~~~[m[K
[01m[K/home/vincent-pc/ros2_jazzy/src/my_robot_cpp/src/my_robot_master.cpp:12:29:[m[K [01;31m[Kerror: [m[Kparse error in template argument list
   12 |         subscriber1 = this->[01;31m[Kcreate_subscription<std_msgs::msg::String>[m[K(
      |                             [01;31m[K^~~~~~~~~~~~~~~~~~~~~~~~~~~~~~~~~~~~~~~~~~[m[K
[01m[K/home/vincent-pc/ros2_jazzy/src/my_robot_cpp/src/my_robot_master.cpp:12:71:[m[K [01;31m[Kerror: [m[Kno matching function for call to â€˜[01m[KMyRobotNode::create_subscription<<expression error> >(const char [15], int, std::_Bind_helper<false, void (MyRobotNode::*)(...), MyRobotNode*, const std::_Placeholder<1>&>::type)[m[Kâ€™
   12 |         subscriber1 = [01;31m[Kthis->create_subscription<std_msgs::msg::String>([m[K
      |                       [01;31m[K~~~~~~~~~~~~~~~~~~~~~~~~~~~~~~~~~~~~~~~~~~~~~~~~^[m[K
   13 | [01;31m[K            "actions_joints", 10, std::bind(&MyRobotNode::subscriber_callback, this, _1))[m[K;
      |             [01;31m[K~~~~~~~~~~~~~~~~~~~~~~~~~~~~~~~~~~~~~~~~~~~~~~~~~~~~~~~~~~~~~~~~~~~~~~~~~~~~~[m[K
In file included from [01m[K/opt/ros/jazzy/include/rclcpp/rclcpp/executors/single_threaded_executor.hpp:28[m[K,
                 from [01m[K/opt/ros/jazzy/include/rclcpp/rclcpp/executors.hpp:22[m[K,
                 from [01m[K/opt/ros/jazzy/include/rclcpp/rclcpp/rclcpp.hpp:172[m[K,
                 from [01m[K/home/vincent-pc/ros2_jazzy/src/my_robot_cpp/src/my_robot_master.cpp:1[m[K:
[01m[K/opt/ros/jazzy/include/rclcpp/rclcpp/node.hpp:221:3:[m[K [01;36m[Knote: [m[Kcandidate: â€˜[01m[Ktemplate<class MessageT, class CallbackT, class AllocatorT, class SubscriptionT, class MessageMemoryStrategyT> std::shared_ptr<ROSMessageT> rclcpp::Node::[01;32m[Kcreate_subscription[m[K(const std::string&, const rclcpp::QoS&, CallbackT&&, const rclcpp::SubscriptionOptionsWithAllocator<AllocatorT>&, typename MessageMemoryStrategyT::SharedPtr)[m[Kâ€™
  221 |   [01;36m[Kcreate_subscription[m[K(
      |   [01;36m[K^~~~~~~~~~~~~~~~~~~[m[K
[01m[K/opt/ros/jazzy/include/rclcpp/rclcpp/node.hpp:221:3:[m[K [01;36m[Knote: [m[K  template argument deduction/substitution failed:
[01m[K/home/vincent-pc/ros2_jazzy/src/my_robot_cpp/src/my_robot_master.cpp:12:71:[m[K [01;31m[Kerror: [m[Ktemplate argument 1 is invalid
   12 |         subscriber1 = [01;31m[Kthis->create_subscription<std_msgs::msg::String>([m[K
      |                       [01;31m[K~~~~~~~~~~~~~~~~~~~~~~~~~~~~~~~~~~~~~~~~~~~~~~~~^[m[K
   13 | [01;31m[K            "actions_joints", 10, std::bind(&MyRobotNode::subscriber_callback, this, _1))[m[K;
      |             [01;31m[K~~~~~~~~~~~~~~~~~~~~~~~~~~~~~~~~~~~~~~~~~~~~~~~~~~~~~~~~~~~~~~~~~~~~~~~~~~~~~[m[K
gmake[2]: *** [CMakeFiles/my_robot_master_cpp.dir/build.make:76: CMakeFiles/my_robot_master_cpp.dir/src/my_robot_master.cpp.o] Error 1
gmake[1]: *** [CMakeFiles/Makefile2:165: CMakeFiles/my_robot_master_cpp.dir/all] Error 2
gmake: *** [Makefile:146: all] Error 2
