<?xml version="1.0" encoding="UTF-8"?>
<Site BuildName="(empty)"
	BuildStamp="20251023-0107-Experimental"
	Name="vincent-pc-Aspire-A315-57G"
	Generator="ctest-3.28.3"
	CompilerName="/usr/bin/g++"
	CompilerVersion="13.3.0"
	OSName="Linux"
	Hostname="vincent-pc-Aspire-A315-57G"
	OSRelease="6.14.0-33-generic"
	OSVersion="#33~24.04.1-Ubuntu SMP PREEMPT_DYNAMIC Fri Sep 19 17:02:30 UTC 2"
	OSPlatform="x86_64"
	Is64Bits="1"
	VendorString="GenuineIntel"
	VendorID="Intel Corporation"
	FamilyID="6"
	ModelID="126"
	ProcessorCacheSize="6144"
	NumberOfLogicalCPU="8"
	NumberOfPhysicalCPU="4"
	TotalVirtualMemory="11722"
	TotalPhysicalMemory="7715"
	LogicalProcessorsPerPhysical="2"
	ProcessorClockFrequency="2199.98"
	>
	<Testing>
		<StartDateTime>Oct 22 20:07 -05</StartDateTime>
		<StartTestTime>1761181669</StartTestTime>
		<TestList/>
		<EndDateTime>Oct 22 20:07 -05</EndDateTime>
		<EndTestTime>1761181669</EndTestTime>
		<ElapsedMinutes>0</ElapsedMinutes>
	</Testing>
</Site>
