<?xml version="1.0" encoding="UTF-8"?>
<Site BuildName="(empty)"
	BuildStamp="20251001-1827-Experimental"
	Name="vincent-pc-Aspire-A315-57G"
	Generator="ctest-3.28.3"
	CompilerName="/usr/bin/g++"
	CompilerVersion="13.3.0"
	OSName="Linux"
	Hostname="vincent-pc-Aspire-A315-57G"
	OSRelease="6.14.0-32-generic"
	OSVersion="#32~24.04.1-Ubuntu SMP PREEMPT_DYNAMIC Tue Sep  2 14:21:04 UTC 2"
	OSPlatform="x86_64"
	Is64Bits="1"
	VendorString="GenuineIntel"
	VendorID="Intel Corporation"
	FamilyID="6"
	ModelID="126"
	ProcessorCacheSize="6144"
	NumberOfLogicalCPU="8"
	NumberOfPhysicalCPU="4"
	TotalVirtualMemory="11722"
	TotalPhysicalMemory="7715"
	LogicalProcessorsPerPhysical="2"
	ProcessorClockFrequency="2945.11"
	>
	<Testing>
		<StartDateTime>Oct 01 13:27 -05</StartDateTime>
		<StartTestTime>1759343246</StartTestTime>
		<TestList/>
		<EndDateTime>Oct 01 13:27 -05</EndDateTime>
		<EndTestTime>1759343246</EndTestTime>
		<ElapsedMinutes>0</ElapsedMinutes>
	</Testing>
</Site>
